{"name":"Registro de usuario exitoso","id":"como-un-usuario;registro-de-usuario-exitoso","testSteps":[{"number":1,"description":"Registro de usuario exitoso #1: {FirstName\u003djuanes, LastName\u003dAcevedo, EMail\u003djuanno2390@gmail.com, Telephone\u003d2926898, Pass\u003d1234, Pass_C\u003d1234}","duration":46059,"startTime":"2020-01-17T00:54:00.209-05:00[America/Bogota]","exception":{"errorType":"net.thucydides.core.webdriver.exceptions.ElementShouldBeEnabledException","message":"The following error occurred: Expected enabled element was not enabled","stackTrace":[{"declaringClass":"co.com.proyectobase.screenplay.tasks.Registrar","methodName":"performAs","fileName":"Registrar.java","lineNumber":55},{"declaringClass":"co.com.proyectobase.screenplay.stepdefinitions.TutorialNinjaStepDefinitions","methodName":"elSeRegistraPorPrimeraVezParaPoderComprar","fileName":"TutorialNinjaStepDefinitions.java","lineNumber":46},{"declaringClass":"cucumber.runner.Runner","methodName":"runPickle","fileName":"Runner.java","lineNumber":80},{"declaringClass":"org.eclipse.jdt.internal.junit4.runner.JUnit4TestReference","methodName":"run","fileName":"JUnit4TestReference.java","lineNumber":89},{"declaringClass":"org.eclipse.jdt.internal.junit.runner.TestExecution","methodName":"run","fileName":"TestExecution.java","lineNumber":41},{"declaringClass":"org.eclipse.jdt.internal.junit.runner.RemoteTestRunner","methodName":"runTests","fileName":"RemoteTestRunner.java","lineNumber":541},{"declaringClass":"org.eclipse.jdt.internal.junit.runner.RemoteTestRunner","methodName":"runTests","fileName":"RemoteTestRunner.java","lineNumber":763},{"declaringClass":"org.eclipse.jdt.internal.junit.runner.RemoteTestRunner","methodName":"run","fileName":"RemoteTestRunner.java","lineNumber":463},{"declaringClass":"org.eclipse.jdt.internal.junit.runner.RemoteTestRunner","methodName":"main","fileName":"RemoteTestRunner.java","lineNumber":209}],"rootCause":{"errorType":"org.openqa.selenium.TimeoutException","message":"Expected condition failed: waiting for By.xpath: xpath\u003d//input[@value\u003d\u0027Continue\u0027] to be enabled (tried for 5 second(s) with 100 milliseconds interval)","stackTrace":[{"declaringClass":"co.com.proyectobase.screenplay.tasks.Registrar","methodName":"performAs","fileName":"Registrar.java","lineNumber":55},{"declaringClass":"co.com.proyectobase.screenplay.stepdefinitions.TutorialNinjaStepDefinitions","methodName":"elSeRegistraPorPrimeraVezParaPoderComprar","fileName":"TutorialNinjaStepDefinitions.java","lineNumber":46},{"declaringClass":"cucumber.runner.Runner","methodName":"runPickle","fileName":"Runner.java","lineNumber":80},{"declaringClass":"org.eclipse.jdt.internal.junit4.runner.JUnit4TestReference","methodName":"run","fileName":"JUnit4TestReference.java","lineNumber":89},{"declaringClass":"org.eclipse.jdt.internal.junit.runner.TestExecution","methodName":"run","fileName":"TestExecution.java","lineNumber":41},{"declaringClass":"org.eclipse.jdt.internal.junit.runner.RemoteTestRunner","methodName":"runTests","fileName":"RemoteTestRunner.java","lineNumber":541},{"declaringClass":"org.eclipse.jdt.internal.junit.runner.RemoteTestRunner","methodName":"runTests","fileName":"RemoteTestRunner.java","lineNumber":763},{"declaringClass":"org.eclipse.jdt.internal.junit.runner.RemoteTestRunner","methodName":"run","fileName":"RemoteTestRunner.java","lineNumber":463},{"declaringClass":"org.eclipse.jdt.internal.junit.runner.RemoteTestRunner","methodName":"main","fileName":"RemoteTestRunner.java","lineNumber":209}],"rootCause":{"errorType":"org.openqa.selenium.InvalidSelectorException","message":"invalid selector: Unable to locate an element with the xpath expression xpath\u003d//input[@value\u003d\u0027Continue\u0027] because of the following error:\nTypeError: Failed to execute \u0027evaluate\u0027 on \u0027Document\u0027: The result is not a node set, and therefore cannot be converted to the desired type.\n  (Session info: chrome\u003d79.0.3945.117)\n  (Driver info: chromedriver\u003d2.39.562718 (9a2698cba08cf5a471a29d30c8b3e12becabb0e9),platform\u003dWindows NT 10.0.18363 x86_64) (WARNING: The server did not provide any stacktrace information)\nCommand duration or timeout: 0 milliseconds\nFor documentation on this error, please visit: http://seleniumhq.org/exceptions/invalid_selector_exception.html\nBuild info: version: \u00273.11.0\u0027, revision: \u0027e59cfb3\u0027, time: \u00272018-03-11T20:26:55.152Z\u0027\nSystem info: host: \u0027DESKTOP-6P2LNK8\u0027, ip: \u0027192.168.2.183\u0027, os.name: \u0027Windows 10\u0027, os.arch: \u0027amd64\u0027, os.version: \u002710.0\u0027, java.version: \u00271.8.0_241\u0027\nDriver info: org.openqa.selenium.remote.RemoteWebDriver\nCapabilities {acceptInsecureCerts: false, acceptSslCerts: false, applicationCacheEnabled: false, browserConnectionEnabled: false, browserName: chrome, chrome: {chromedriverVersion: 2.39.562718 (9a2698cba08cf5..., userDataDir: C:\\Users\\juanb\\AppData\\Loca...}, cssSelectorsEnabled: true, databaseEnabled: false, handlesAlerts: true, hasTouchScreen: false, javascriptEnabled: true, locationContextEnabled: true, mobileEmulationEnabled: false, nativeEvents: true, networkConnectionEnabled: false, pageLoadStrategy: normal, platform: XP, platformName: XP, rotatable: false, setWindowRect: true, takesHeapSnapshot: true, takesScreenshot: true, unexpectedAlertBehaviour: , unhandledPromptBehavior: , version: 79.0.3945.117, webStorageEnabled: true}\nSession ID: d4ccea8baef9585236f1e48b60ce3da0\n*** Element info: {Using\u003dxpath, value\u003dxpath\u003d//input[@value\u003d\u0027Continue\u0027]}","stackTrace":[{"declaringClass":"co.com.proyectobase.screenplay.tasks.Registrar","methodName":"performAs","fileName":"Registrar.java","lineNumber":55},{"declaringClass":"co.com.proyectobase.screenplay.stepdefinitions.TutorialNinjaStepDefinitions","methodName":"elSeRegistraPorPrimeraVezParaPoderComprar","fileName":"TutorialNinjaStepDefinitions.java","lineNumber":46},{"declaringClass":"cucumber.runner.Runner","methodName":"runPickle","fileName":"Runner.java","lineNumber":80},{"declaringClass":"org.eclipse.jdt.internal.junit4.runner.JUnit4TestReference","methodName":"run","fileName":"JUnit4TestReference.java","lineNumber":89},{"declaringClass":"org.eclipse.jdt.internal.junit.runner.TestExecution","methodName":"run","fileName":"TestExecution.java","lineNumber":41},{"declaringClass":"org.eclipse.jdt.internal.junit.runner.RemoteTestRunner","methodName":"runTests","fileName":"RemoteTestRunner.java","lineNumber":541},{"declaringClass":"org.eclipse.jdt.internal.junit.runner.RemoteTestRunner","methodName":"runTests","fileName":"RemoteTestRunner.java","lineNumber":763},{"declaringClass":"org.eclipse.jdt.internal.junit.runner.RemoteTestRunner","methodName":"run","fileName":"RemoteTestRunner.java","lineNumber":463},{"declaringClass":"org.eclipse.jdt.internal.junit.runner.RemoteTestRunner","methodName":"main","fileName":"RemoteTestRunner.java","lineNumber":209}]}}},"result":"FAILURE","precondition":false,"children":[{"number":2,"description":"Given Que usuarioTechSolve ingrese a la tienda virtual","duration":18579,"startTime":"2020-01-17T00:54:00.442-05:00[America/Bogota]","screenshots":[{"screenshot":"752a52b1c0a51f6f34a2460f6df52f9cc388169f7a4b090ace69d714c1b76065.png"}],"result":"SUCCESS","precondition":false,"children":[{"number":3,"description":"usuarioTechSolve opens the The ninja store home page","duration":14413,"startTime":"2020-01-17T00:54:01.583-05:00[America/Bogota]","screenshots":[{"screenshot":"5ba84a38d7e452ce403bc9a015cc198b9dd26e43b250f2a53269a6ea0f5450c1.png"}],"result":"SUCCESS","precondition":false}]},{"number":4,"description":"When el se registra por primera vez para poder comprar\r\n| juanes | Acevedo | juanno2390@gmail.com | 2926898 | 1234 | 1234 |","duration":27218,"startTime":"2020-01-17T00:54:19.023-05:00[America/Bogota]","exception":{"errorType":"net.thucydides.core.webdriver.exceptions.ElementShouldBeEnabledException","message":"The following error occurred: Expected enabled element was not enabled","stackTrace":[{"declaringClass":"co.com.proyectobase.screenplay.tasks.Registrar","methodName":"performAs","fileName":"Registrar.java","lineNumber":55},{"declaringClass":"co.com.proyectobase.screenplay.stepdefinitions.TutorialNinjaStepDefinitions","methodName":"elSeRegistraPorPrimeraVezParaPoderComprar","fileName":"TutorialNinjaStepDefinitions.java","lineNumber":46},{"declaringClass":"cucumber.runner.Runner","methodName":"runPickle","fileName":"Runner.java","lineNumber":80},{"declaringClass":"org.eclipse.jdt.internal.junit4.runner.JUnit4TestReference","methodName":"run","fileName":"JUnit4TestReference.java","lineNumber":89},{"declaringClass":"org.eclipse.jdt.internal.junit.runner.TestExecution","methodName":"run","fileName":"TestExecution.java","lineNumber":41},{"declaringClass":"org.eclipse.jdt.internal.junit.runner.RemoteTestRunner","methodName":"runTests","fileName":"RemoteTestRunner.java","lineNumber":541},{"declaringClass":"org.eclipse.jdt.internal.junit.runner.RemoteTestRunner","methodName":"runTests","fileName":"RemoteTestRunner.java","lineNumber":763},{"declaringClass":"org.eclipse.jdt.internal.junit.runner.RemoteTestRunner","methodName":"run","fileName":"RemoteTestRunner.java","lineNumber":463},{"declaringClass":"org.eclipse.jdt.internal.junit.runner.RemoteTestRunner","methodName":"main","fileName":"RemoteTestRunner.java","lineNumber":209}],"rootCause":{"errorType":"org.openqa.selenium.TimeoutException","message":"Expected condition failed: waiting for By.xpath: xpath\u003d//input[@value\u003d\u0027Continue\u0027] to be enabled (tried for 5 second(s) with 100 milliseconds interval)","stackTrace":[{"declaringClass":"co.com.proyectobase.screenplay.tasks.Registrar","methodName":"performAs","fileName":"Registrar.java","lineNumber":55},{"declaringClass":"co.com.proyectobase.screenplay.stepdefinitions.TutorialNinjaStepDefinitions","methodName":"elSeRegistraPorPrimeraVezParaPoderComprar","fileName":"TutorialNinjaStepDefinitions.java","lineNumber":46},{"declaringClass":"cucumber.runner.Runner","methodName":"runPickle","fileName":"Runner.java","lineNumber":80},{"declaringClass":"org.eclipse.jdt.internal.junit4.runner.JUnit4TestReference","methodName":"run","fileName":"JUnit4TestReference.java","lineNumber":89},{"declaringClass":"org.eclipse.jdt.internal.junit.runner.TestExecution","methodName":"run","fileName":"TestExecution.java","lineNumber":41},{"declaringClass":"org.eclipse.jdt.internal.junit.runner.RemoteTestRunner","methodName":"runTests","fileName":"RemoteTestRunner.java","lineNumber":541},{"declaringClass":"org.eclipse.jdt.internal.junit.runner.RemoteTestRunner","methodName":"runTests","fileName":"RemoteTestRunner.java","lineNumber":763},{"declaringClass":"org.eclipse.jdt.internal.junit.runner.RemoteTestRunner","methodName":"run","fileName":"RemoteTestRunner.java","lineNumber":463},{"declaringClass":"org.eclipse.jdt.internal.junit.runner.RemoteTestRunner","methodName":"main","fileName":"RemoteTestRunner.java","lineNumber":209}],"rootCause":{"errorType":"org.openqa.selenium.InvalidSelectorException","message":"invalid selector: Unable to locate an element with the xpath expression xpath\u003d//input[@value\u003d\u0027Continue\u0027] because of the following error:\nTypeError: Failed to execute \u0027evaluate\u0027 on \u0027Document\u0027: The result is not a node set, and therefore cannot be converted to the desired type.\n  (Session info: chrome\u003d79.0.3945.117)\n  (Driver info: chromedriver\u003d2.39.562718 (9a2698cba08cf5a471a29d30c8b3e12becabb0e9),platform\u003dWindows NT 10.0.18363 x86_64) (WARNING: The server did not provide any stacktrace information)\nCommand duration or timeout: 0 milliseconds\nFor documentation on this error, please visit: http://seleniumhq.org/exceptions/invalid_selector_exception.html\nBuild info: version: \u00273.11.0\u0027, revision: \u0027e59cfb3\u0027, time: \u00272018-03-11T20:26:55.152Z\u0027\nSystem info: host: \u0027DESKTOP-6P2LNK8\u0027, ip: \u0027192.168.2.183\u0027, os.name: \u0027Windows 10\u0027, os.arch: \u0027amd64\u0027, os.version: \u002710.0\u0027, java.version: \u00271.8.0_241\u0027\nDriver info: org.openqa.selenium.remote.RemoteWebDriver\nCapabilities {acceptInsecureCerts: false, acceptSslCerts: false, applicationCacheEnabled: false, browserConnectionEnabled: false, browserName: chrome, chrome: {chromedriverVersion: 2.39.562718 (9a2698cba08cf5..., userDataDir: C:\\Users\\juanb\\AppData\\Loca...}, cssSelectorsEnabled: true, databaseEnabled: false, handlesAlerts: true, hasTouchScreen: false, javascriptEnabled: true, locationContextEnabled: true, mobileEmulationEnabled: false, nativeEvents: true, networkConnectionEnabled: false, pageLoadStrategy: normal, platform: XP, platformName: XP, rotatable: false, setWindowRect: true, takesHeapSnapshot: true, takesScreenshot: true, unexpectedAlertBehaviour: , unhandledPromptBehavior: , version: 79.0.3945.117, webStorageEnabled: true}\nSession ID: d4ccea8baef9585236f1e48b60ce3da0\n*** Element info: {Using\u003dxpath, value\u003dxpath\u003d//input[@value\u003d\u0027Continue\u0027]}","stackTrace":[{"declaringClass":"co.com.proyectobase.screenplay.tasks.Registrar","methodName":"performAs","fileName":"Registrar.java","lineNumber":55},{"declaringClass":"co.com.proyectobase.screenplay.stepdefinitions.TutorialNinjaStepDefinitions","methodName":"elSeRegistraPorPrimeraVezParaPoderComprar","fileName":"TutorialNinjaStepDefinitions.java","lineNumber":46},{"declaringClass":"cucumber.runner.Runner","methodName":"runPickle","fileName":"Runner.java","lineNumber":80},{"declaringClass":"org.eclipse.jdt.internal.junit4.runner.JUnit4TestReference","methodName":"run","fileName":"JUnit4TestReference.java","lineNumber":89},{"declaringClass":"org.eclipse.jdt.internal.junit.runner.TestExecution","methodName":"run","fileName":"TestExecution.java","lineNumber":41},{"declaringClass":"org.eclipse.jdt.internal.junit.runner.RemoteTestRunner","methodName":"runTests","fileName":"RemoteTestRunner.java","lineNumber":541},{"declaringClass":"org.eclipse.jdt.internal.junit.runner.RemoteTestRunner","methodName":"runTests","fileName":"RemoteTestRunner.java","lineNumber":763},{"declaringClass":"org.eclipse.jdt.internal.junit.runner.RemoteTestRunner","methodName":"run","fileName":"RemoteTestRunner.java","lineNumber":463},{"declaringClass":"org.eclipse.jdt.internal.junit.runner.RemoteTestRunner","methodName":"main","fileName":"RemoteTestRunner.java","lineNumber":209}]}}},"result":"FAILURE","precondition":false,"children":[{"number":5,"description":"usuarioTechSolve clicks on Menu que muestra las opciones de login para usuario","duration":3069,"startTime":"2020-01-17T00:54:19.098-05:00[America/Bogota]","screenshots":[{"screenshot":"5add05af5adc3ab561ef63291968eeebf9c56b11bc1f79d57499ed7fcc4e1252.png"}],"result":"SUCCESS","precondition":false},{"number":6,"description":"usuarioTechSolve clicks on Opcion que nos llevara al formulario para registro de usuario","duration":3219,"startTime":"2020-01-17T00:54:22.173-05:00[America/Bogota]","screenshots":[{"screenshot":"47076d77e8d862b1e5e5601a7e55e45a31fcb8ea610f67d650ab83091059c7f9.png"}],"result":"SUCCESS","precondition":false},{"number":7,"description":"usuarioTechSolve enters \u0027juanes\u0027 into campo para escribir el nombre","duration":2326,"startTime":"2020-01-17T00:54:25.421-05:00[America/Bogota]","screenshots":[{"screenshot":"33086f29c98507f76d2f1a453d1cc77a10d5c88fe33456dcfae4b0ffc6d10ab3.png"}],"result":"SUCCESS","precondition":false},{"number":8,"description":"usuarioTechSolve enters \u0027Acevedo\u0027 into campo para escribir el apellido","duration":2086,"startTime":"2020-01-17T00:54:27.759-05:00[America/Bogota]","screenshots":[{"screenshot":"68810bf4152d6523b2abfd77cc3dd5d792906e02b024a89cab51784e8835b06c.png"}],"result":"SUCCESS","precondition":false},{"number":9,"description":"usuarioTechSolve enters \u0027juanno2390@gmail.com\u0027 into campo para escribir un e-mail","duration":2415,"startTime":"2020-01-17T00:54:29.859-05:00[America/Bogota]","screenshots":[{"screenshot":"da71887d9293d380ce2eb5447e6339578acd742a95c57597449f1147383cc3ca.png"}],"result":"SUCCESS","precondition":false},{"number":10,"description":"usuarioTechSolve enters \u00272926898\u0027 into campo para escribir un telefono","duration":1851,"startTime":"2020-01-17T00:54:32.286-05:00[America/Bogota]","screenshots":[{"screenshot":"e8468c432d0935facf4bdb8ae51b9ba8c855375ce2a8661fb0c4f7ea7d3a5cbb.png"}],"result":"SUCCESS","precondition":false},{"number":11,"description":"usuarioTechSolve enters \u00271234\u0027 into campo para escribir el password","duration":1966,"startTime":"2020-01-17T00:54:34.143-05:00[America/Bogota]","screenshots":[{"screenshot":"acf4106b7e71cd1301f02cfb32fc35a83f4ff566b8e9d4b39617d4a2ac21fe4c.png"}],"result":"SUCCESS","precondition":false},{"number":12,"description":"usuarioTechSolve enters \u00271234\u0027 into campo para confirmar el password","duration":1683,"startTime":"2020-01-17T00:54:36.119-05:00[America/Bogota]","screenshots":[{"screenshot":"61f548ba0b8e0579a1a1444d11290cc6e2dad63c4db398adf21dc9da9ae10fed.png"}],"result":"SUCCESS","precondition":false},{"number":13,"description":"usuarioTechSolve clicks on checkbox para confirmar la aceptacion de las condiciones de privacidad","duration":1692,"startTime":"2020-01-17T00:54:37.808-05:00[America/Bogota]","screenshots":[{"screenshot":"599d5936176cc96c7b688bb6563d556e00276a59e5c397da0f923d8b0ba43801.png"}],"result":"SUCCESS","precondition":false},{"number":14,"description":"usuarioTechSolve clicks on boton para realizar el registro de usuario","duration":6720,"startTime":"2020-01-17T00:54:39.511-05:00[America/Bogota]","screenshots":[{"screenshot":"599d5936176cc96c7b688bb6563d556e00276a59e5c397da0f923d8b0ba43801.png","htmlSource":"pagesource2785996754891658594.html.txt"}],"exception":{"errorType":"net.thucydides.core.webdriver.exceptions.ElementShouldBeEnabledException","message":"The following error occurred: Expected enabled element was not enabled","stackTrace":[{"declaringClass":"co.com.proyectobase.screenplay.tasks.Registrar","methodName":"performAs","fileName":"Registrar.java","lineNumber":55},{"declaringClass":"co.com.proyectobase.screenplay.stepdefinitions.TutorialNinjaStepDefinitions","methodName":"elSeRegistraPorPrimeraVezParaPoderComprar","fileName":"TutorialNinjaStepDefinitions.java","lineNumber":46},{"declaringClass":"cucumber.runner.Runner","methodName":"runPickle","fileName":"Runner.java","lineNumber":80},{"declaringClass":"org.eclipse.jdt.internal.junit4.runner.JUnit4TestReference","methodName":"run","fileName":"JUnit4TestReference.java","lineNumber":89},{"declaringClass":"org.eclipse.jdt.internal.junit.runner.TestExecution","methodName":"run","fileName":"TestExecution.java","lineNumber":41},{"declaringClass":"org.eclipse.jdt.internal.junit.runner.RemoteTestRunner","methodName":"runTests","fileName":"RemoteTestRunner.java","lineNumber":541},{"declaringClass":"org.eclipse.jdt.internal.junit.runner.RemoteTestRunner","methodName":"runTests","fileName":"RemoteTestRunner.java","lineNumber":763},{"declaringClass":"org.eclipse.jdt.internal.junit.runner.RemoteTestRunner","methodName":"run","fileName":"RemoteTestRunner.java","lineNumber":463},{"declaringClass":"org.eclipse.jdt.internal.junit.runner.RemoteTestRunner","methodName":"main","fileName":"RemoteTestRunner.java","lineNumber":209}],"rootCause":{"errorType":"org.openqa.selenium.TimeoutException","message":"Expected condition failed: waiting for By.xpath: xpath\u003d//input[@value\u003d\u0027Continue\u0027] to be enabled (tried for 5 second(s) with 100 milliseconds interval)","stackTrace":[{"declaringClass":"co.com.proyectobase.screenplay.tasks.Registrar","methodName":"performAs","fileName":"Registrar.java","lineNumber":55},{"declaringClass":"co.com.proyectobase.screenplay.stepdefinitions.TutorialNinjaStepDefinitions","methodName":"elSeRegistraPorPrimeraVezParaPoderComprar","fileName":"TutorialNinjaStepDefinitions.java","lineNumber":46},{"declaringClass":"cucumber.runner.Runner","methodName":"runPickle","fileName":"Runner.java","lineNumber":80},{"declaringClass":"org.eclipse.jdt.internal.junit4.runner.JUnit4TestReference","methodName":"run","fileName":"JUnit4TestReference.java","lineNumber":89},{"declaringClass":"org.eclipse.jdt.internal.junit.runner.TestExecution","methodName":"run","fileName":"TestExecution.java","lineNumber":41},{"declaringClass":"org.eclipse.jdt.internal.junit.runner.RemoteTestRunner","methodName":"runTests","fileName":"RemoteTestRunner.java","lineNumber":541},{"declaringClass":"org.eclipse.jdt.internal.junit.runner.RemoteTestRunner","methodName":"runTests","fileName":"RemoteTestRunner.java","lineNumber":763},{"declaringClass":"org.eclipse.jdt.internal.junit.runner.RemoteTestRunner","methodName":"run","fileName":"RemoteTestRunner.java","lineNumber":463},{"declaringClass":"org.eclipse.jdt.internal.junit.runner.RemoteTestRunner","methodName":"main","fileName":"RemoteTestRunner.java","lineNumber":209}],"rootCause":{"errorType":"org.openqa.selenium.InvalidSelectorException","message":"invalid selector: Unable to locate an element with the xpath expression xpath\u003d//input[@value\u003d\u0027Continue\u0027] because of the following error:\nTypeError: Failed to execute \u0027evaluate\u0027 on \u0027Document\u0027: The result is not a node set, and therefore cannot be converted to the desired type.\n  (Session info: chrome\u003d79.0.3945.117)\n  (Driver info: chromedriver\u003d2.39.562718 (9a2698cba08cf5a471a29d30c8b3e12becabb0e9),platform\u003dWindows NT 10.0.18363 x86_64) (WARNING: The server did not provide any stacktrace information)\nCommand duration or timeout: 0 milliseconds\nFor documentation on this error, please visit: http://seleniumhq.org/exceptions/invalid_selector_exception.html\nBuild info: version: \u00273.11.0\u0027, revision: \u0027e59cfb3\u0027, time: \u00272018-03-11T20:26:55.152Z\u0027\nSystem info: host: \u0027DESKTOP-6P2LNK8\u0027, ip: \u0027192.168.2.183\u0027, os.name: \u0027Windows 10\u0027, os.arch: \u0027amd64\u0027, os.version: \u002710.0\u0027, java.version: \u00271.8.0_241\u0027\nDriver info: org.openqa.selenium.remote.RemoteWebDriver\nCapabilities {acceptInsecureCerts: false, acceptSslCerts: false, applicationCacheEnabled: false, browserConnectionEnabled: false, browserName: chrome, chrome: {chromedriverVersion: 2.39.562718 (9a2698cba08cf5..., userDataDir: C:\\Users\\juanb\\AppData\\Loca...}, cssSelectorsEnabled: true, databaseEnabled: false, handlesAlerts: true, hasTouchScreen: false, javascriptEnabled: true, locationContextEnabled: true, mobileEmulationEnabled: false, nativeEvents: true, networkConnectionEnabled: false, pageLoadStrategy: normal, platform: XP, platformName: XP, rotatable: false, setWindowRect: true, takesHeapSnapshot: true, takesScreenshot: true, unexpectedAlertBehaviour: , unhandledPromptBehavior: , version: 79.0.3945.117, webStorageEnabled: true}\nSession ID: d4ccea8baef9585236f1e48b60ce3da0\n*** Element info: {Using\u003dxpath, value\u003dxpath\u003d//input[@value\u003d\u0027Continue\u0027]}","stackTrace":[{"declaringClass":"co.com.proyectobase.screenplay.tasks.Registrar","methodName":"performAs","fileName":"Registrar.java","lineNumber":55},{"declaringClass":"co.com.proyectobase.screenplay.stepdefinitions.TutorialNinjaStepDefinitions","methodName":"elSeRegistraPorPrimeraVezParaPoderComprar","fileName":"TutorialNinjaStepDefinitions.java","lineNumber":46},{"declaringClass":"cucumber.runner.Runner","methodName":"runPickle","fileName":"Runner.java","lineNumber":80},{"declaringClass":"org.eclipse.jdt.internal.junit4.runner.JUnit4TestReference","methodName":"run","fileName":"JUnit4TestReference.java","lineNumber":89},{"declaringClass":"org.eclipse.jdt.internal.junit.runner.TestExecution","methodName":"run","fileName":"TestExecution.java","lineNumber":41},{"declaringClass":"org.eclipse.jdt.internal.junit.runner.RemoteTestRunner","methodName":"runTests","fileName":"RemoteTestRunner.java","lineNumber":541},{"declaringClass":"org.eclipse.jdt.internal.junit.runner.RemoteTestRunner","methodName":"runTests","fileName":"RemoteTestRunner.java","lineNumber":763},{"declaringClass":"org.eclipse.jdt.internal.junit.runner.RemoteTestRunner","methodName":"run","fileName":"RemoteTestRunner.java","lineNumber":463},{"declaringClass":"org.eclipse.jdt.internal.junit.runner.RemoteTestRunner","methodName":"main","fileName":"RemoteTestRunner.java","lineNumber":209}]}}},"result":"FAILURE","precondition":false}]},{"number":15,"description":"Perform as: usuarioTechSolve","duration":14,"startTime":"2020-01-17T00:54:46.244-05:00[America/Bogota]","exception":{"errorType":"net.thucydides.core.webdriver.exceptions.ElementShouldBeEnabledException","message":"The following error occurred: Expected enabled element was not enabled","stackTrace":[{"declaringClass":"co.com.proyectobase.screenplay.tasks.Registrar","methodName":"performAs","fileName":"Registrar.java","lineNumber":55},{"declaringClass":"co.com.proyectobase.screenplay.stepdefinitions.TutorialNinjaStepDefinitions","methodName":"elSeRegistraPorPrimeraVezParaPoderComprar","fileName":"TutorialNinjaStepDefinitions.java","lineNumber":46},{"declaringClass":"cucumber.runner.Runner","methodName":"runPickle","fileName":"Runner.java","lineNumber":80},{"declaringClass":"org.eclipse.jdt.internal.junit4.runner.JUnit4TestReference","methodName":"run","fileName":"JUnit4TestReference.java","lineNumber":89},{"declaringClass":"org.eclipse.jdt.internal.junit.runner.TestExecution","methodName":"run","fileName":"TestExecution.java","lineNumber":41},{"declaringClass":"org.eclipse.jdt.internal.junit.runner.RemoteTestRunner","methodName":"runTests","fileName":"RemoteTestRunner.java","lineNumber":541},{"declaringClass":"org.eclipse.jdt.internal.junit.runner.RemoteTestRunner","methodName":"runTests","fileName":"RemoteTestRunner.java","lineNumber":763},{"declaringClass":"org.eclipse.jdt.internal.junit.runner.RemoteTestRunner","methodName":"run","fileName":"RemoteTestRunner.java","lineNumber":463},{"declaringClass":"org.eclipse.jdt.internal.junit.runner.RemoteTestRunner","methodName":"main","fileName":"RemoteTestRunner.java","lineNumber":209}],"rootCause":{"errorType":"org.openqa.selenium.TimeoutException","message":"Expected condition failed: waiting for By.xpath: xpath\u003d//input[@value\u003d\u0027Continue\u0027] to be enabled (tried for 5 second(s) with 100 milliseconds interval)","stackTrace":[{"declaringClass":"co.com.proyectobase.screenplay.tasks.Registrar","methodName":"performAs","fileName":"Registrar.java","lineNumber":55},{"declaringClass":"co.com.proyectobase.screenplay.stepdefinitions.TutorialNinjaStepDefinitions","methodName":"elSeRegistraPorPrimeraVezParaPoderComprar","fileName":"TutorialNinjaStepDefinitions.java","lineNumber":46},{"declaringClass":"cucumber.runner.Runner","methodName":"runPickle","fileName":"Runner.java","lineNumber":80},{"declaringClass":"org.eclipse.jdt.internal.junit4.runner.JUnit4TestReference","methodName":"run","fileName":"JUnit4TestReference.java","lineNumber":89},{"declaringClass":"org.eclipse.jdt.internal.junit.runner.TestExecution","methodName":"run","fileName":"TestExecution.java","lineNumber":41},{"declaringClass":"org.eclipse.jdt.internal.junit.runner.RemoteTestRunner","methodName":"runTests","fileName":"RemoteTestRunner.java","lineNumber":541},{"declaringClass":"org.eclipse.jdt.internal.junit.runner.RemoteTestRunner","methodName":"runTests","fileName":"RemoteTestRunner.java","lineNumber":763},{"declaringClass":"org.eclipse.jdt.internal.junit.runner.RemoteTestRunner","methodName":"run","fileName":"RemoteTestRunner.java","lineNumber":463},{"declaringClass":"org.eclipse.jdt.internal.junit.runner.RemoteTestRunner","methodName":"main","fileName":"RemoteTestRunner.java","lineNumber":209}],"rootCause":{"errorType":"org.openqa.selenium.InvalidSelectorException","message":"invalid selector: Unable to locate an element with the xpath expression xpath\u003d//input[@value\u003d\u0027Continue\u0027] because of the following error:\nTypeError: Failed to execute \u0027evaluate\u0027 on \u0027Document\u0027: The result is not a node set, and therefore cannot be converted to the desired type.\n  (Session info: chrome\u003d79.0.3945.117)\n  (Driver info: chromedriver\u003d2.39.562718 (9a2698cba08cf5a471a29d30c8b3e12becabb0e9),platform\u003dWindows NT 10.0.18363 x86_64) (WARNING: The server did not provide any stacktrace information)\nCommand duration or timeout: 0 milliseconds\nFor documentation on this error, please visit: http://seleniumhq.org/exceptions/invalid_selector_exception.html\nBuild info: version: \u00273.11.0\u0027, revision: \u0027e59cfb3\u0027, time: \u00272018-03-11T20:26:55.152Z\u0027\nSystem info: host: \u0027DESKTOP-6P2LNK8\u0027, ip: \u0027192.168.2.183\u0027, os.name: \u0027Windows 10\u0027, os.arch: \u0027amd64\u0027, os.version: \u002710.0\u0027, java.version: \u00271.8.0_241\u0027\nDriver info: org.openqa.selenium.remote.RemoteWebDriver\nCapabilities {acceptInsecureCerts: false, acceptSslCerts: false, applicationCacheEnabled: false, browserConnectionEnabled: false, browserName: chrome, chrome: {chromedriverVersion: 2.39.562718 (9a2698cba08cf5..., userDataDir: C:\\Users\\juanb\\AppData\\Loca...}, cssSelectorsEnabled: true, databaseEnabled: false, handlesAlerts: true, hasTouchScreen: false, javascriptEnabled: true, locationContextEnabled: true, mobileEmulationEnabled: false, nativeEvents: true, networkConnectionEnabled: false, pageLoadStrategy: normal, platform: XP, platformName: XP, rotatable: false, setWindowRect: true, takesHeapSnapshot: true, takesScreenshot: true, unexpectedAlertBehaviour: , unhandledPromptBehavior: , version: 79.0.3945.117, webStorageEnabled: true}\nSession ID: d4ccea8baef9585236f1e48b60ce3da0\n*** Element info: {Using\u003dxpath, value\u003dxpath\u003d//input[@value\u003d\u0027Continue\u0027]}","stackTrace":[{"declaringClass":"co.com.proyectobase.screenplay.tasks.Registrar","methodName":"performAs","fileName":"Registrar.java","lineNumber":55},{"declaringClass":"co.com.proyectobase.screenplay.stepdefinitions.TutorialNinjaStepDefinitions","methodName":"elSeRegistraPorPrimeraVezParaPoderComprar","fileName":"TutorialNinjaStepDefinitions.java","lineNumber":46},{"declaringClass":"cucumber.runner.Runner","methodName":"runPickle","fileName":"Runner.java","lineNumber":80},{"declaringClass":"org.eclipse.jdt.internal.junit4.runner.JUnit4TestReference","methodName":"run","fileName":"JUnit4TestReference.java","lineNumber":89},{"declaringClass":"org.eclipse.jdt.internal.junit.runner.TestExecution","methodName":"run","fileName":"TestExecution.java","lineNumber":41},{"declaringClass":"org.eclipse.jdt.internal.junit.runner.RemoteTestRunner","methodName":"runTests","fileName":"RemoteTestRunner.java","lineNumber":541},{"declaringClass":"org.eclipse.jdt.internal.junit.runner.RemoteTestRunner","methodName":"runTests","fileName":"RemoteTestRunner.java","lineNumber":763},{"declaringClass":"org.eclipse.jdt.internal.junit.runner.RemoteTestRunner","methodName":"run","fileName":"RemoteTestRunner.java","lineNumber":463},{"declaringClass":"org.eclipse.jdt.internal.junit.runner.RemoteTestRunner","methodName":"main","fileName":"RemoteTestRunner.java","lineNumber":209}]}}},"result":"FAILURE","precondition":false}]},{"number":16,"description":"Then el deberia ver la palabra Success en pantalla inicial","duration":4,"startTime":"2020-01-17T00:54:46.280-05:00[America/Bogota]","result":"SKIPPED","precondition":false}],"userStory":{"id":"como-un-usuario","storyName":"Como un usuario","path":"src/test/resources/features/tutorialNinja.feature","narrative":"\tquiero ingresar a la web de compras The Ninja Store\n\tpara agregar y quitar articulos al carrito compras o marcarlos para wish list","type":"feature"},"featureTag":{"name":"Features/Como un usuario","type":"feature"},"title":"Registro de usuario exitoso","tags":[{"name":"Como un usuario","type":"feature"},{"name":"HU1","type":"tag"},{"name":"Regresion","type":"tag"}],"startTime":"2020-01-17T00:53:58.626-05:00[America/Bogota]","duration":53626,"testFailureCause":{"errorType":"net.thucydides.core.webdriver.exceptions.ElementShouldBeEnabledException","message":"The following error occurred: Expected enabled element was not enabled","stackTrace":[{"declaringClass":"co.com.proyectobase.screenplay.tasks.Registrar","methodName":"performAs","fileName":"Registrar.java","lineNumber":55},{"declaringClass":"co.com.proyectobase.screenplay.stepdefinitions.TutorialNinjaStepDefinitions","methodName":"elSeRegistraPorPrimeraVezParaPoderComprar","fileName":"TutorialNinjaStepDefinitions.java","lineNumber":46},{"declaringClass":"cucumber.runner.Runner","methodName":"runPickle","fileName":"Runner.java","lineNumber":80},{"declaringClass":"org.eclipse.jdt.internal.junit4.runner.JUnit4TestReference","methodName":"run","fileName":"JUnit4TestReference.java","lineNumber":89},{"declaringClass":"org.eclipse.jdt.internal.junit.runner.TestExecution","methodName":"run","fileName":"TestExecution.java","lineNumber":41},{"declaringClass":"org.eclipse.jdt.internal.junit.runner.RemoteTestRunner","methodName":"runTests","fileName":"RemoteTestRunner.java","lineNumber":541},{"declaringClass":"org.eclipse.jdt.internal.junit.runner.RemoteTestRunner","methodName":"runTests","fileName":"RemoteTestRunner.java","lineNumber":763},{"declaringClass":"org.eclipse.jdt.internal.junit.runner.RemoteTestRunner","methodName":"run","fileName":"RemoteTestRunner.java","lineNumber":463},{"declaringClass":"org.eclipse.jdt.internal.junit.runner.RemoteTestRunner","methodName":"main","fileName":"RemoteTestRunner.java","lineNumber":209}],"rootCause":{"errorType":"org.openqa.selenium.TimeoutException","message":"Expected condition failed: waiting for By.xpath: xpath\u003d//input[@value\u003d\u0027Continue\u0027] to be enabled (tried for 5 second(s) with 100 milliseconds interval)","stackTrace":[{"declaringClass":"co.com.proyectobase.screenplay.tasks.Registrar","methodName":"performAs","fileName":"Registrar.java","lineNumber":55},{"declaringClass":"co.com.proyectobase.screenplay.stepdefinitions.TutorialNinjaStepDefinitions","methodName":"elSeRegistraPorPrimeraVezParaPoderComprar","fileName":"TutorialNinjaStepDefinitions.java","lineNumber":46},{"declaringClass":"cucumber.runner.Runner","methodName":"runPickle","fileName":"Runner.java","lineNumber":80},{"declaringClass":"org.eclipse.jdt.internal.junit4.runner.JUnit4TestReference","methodName":"run","fileName":"JUnit4TestReference.java","lineNumber":89},{"declaringClass":"org.eclipse.jdt.internal.junit.runner.TestExecution","methodName":"run","fileName":"TestExecution.java","lineNumber":41},{"declaringClass":"org.eclipse.jdt.internal.junit.runner.RemoteTestRunner","methodName":"runTests","fileName":"RemoteTestRunner.java","lineNumber":541},{"declaringClass":"org.eclipse.jdt.internal.junit.runner.RemoteTestRunner","methodName":"runTests","fileName":"RemoteTestRunner.java","lineNumber":763},{"declaringClass":"org.eclipse.jdt.internal.junit.runner.RemoteTestRunner","methodName":"run","fileName":"RemoteTestRunner.java","lineNumber":463},{"declaringClass":"org.eclipse.jdt.internal.junit.runner.RemoteTestRunner","methodName":"main","fileName":"RemoteTestRunner.java","lineNumber":209}],"rootCause":{"errorType":"org.openqa.selenium.InvalidSelectorException","message":"invalid selector: Unable to locate an element with the xpath expression xpath\u003d//input[@value\u003d\u0027Continue\u0027] because of the following error:\nTypeError: Failed to execute \u0027evaluate\u0027 on \u0027Document\u0027: The result is not a node set, and therefore cannot be converted to the desired type.\n  (Session info: chrome\u003d79.0.3945.117)\n  (Driver info: chromedriver\u003d2.39.562718 (9a2698cba08cf5a471a29d30c8b3e12becabb0e9),platform\u003dWindows NT 10.0.18363 x86_64) (WARNING: The server did not provide any stacktrace information)\nCommand duration or timeout: 0 milliseconds\nFor documentation on this error, please visit: http://seleniumhq.org/exceptions/invalid_selector_exception.html\nBuild info: version: \u00273.11.0\u0027, revision: \u0027e59cfb3\u0027, time: \u00272018-03-11T20:26:55.152Z\u0027\nSystem info: host: \u0027DESKTOP-6P2LNK8\u0027, ip: \u0027192.168.2.183\u0027, os.name: \u0027Windows 10\u0027, os.arch: \u0027amd64\u0027, os.version: \u002710.0\u0027, java.version: \u00271.8.0_241\u0027\nDriver info: org.openqa.selenium.remote.RemoteWebDriver\nCapabilities {acceptInsecureCerts: false, acceptSslCerts: false, applicationCacheEnabled: false, browserConnectionEnabled: false, browserName: chrome, chrome: {chromedriverVersion: 2.39.562718 (9a2698cba08cf5..., userDataDir: C:\\Users\\juanb\\AppData\\Loca...}, cssSelectorsEnabled: true, databaseEnabled: false, handlesAlerts: true, hasTouchScreen: false, javascriptEnabled: true, locationContextEnabled: true, mobileEmulationEnabled: false, nativeEvents: true, networkConnectionEnabled: false, pageLoadStrategy: normal, platform: XP, platformName: XP, rotatable: false, setWindowRect: true, takesHeapSnapshot: true, takesScreenshot: true, unexpectedAlertBehaviour: , unhandledPromptBehavior: , version: 79.0.3945.117, webStorageEnabled: true}\nSession ID: d4ccea8baef9585236f1e48b60ce3da0\n*** Element info: {Using\u003dxpath, value\u003dxpath\u003d//input[@value\u003d\u0027Continue\u0027]}","stackTrace":[{"declaringClass":"co.com.proyectobase.screenplay.tasks.Registrar","methodName":"performAs","fileName":"Registrar.java","lineNumber":55},{"declaringClass":"co.com.proyectobase.screenplay.stepdefinitions.TutorialNinjaStepDefinitions","methodName":"elSeRegistraPorPrimeraVezParaPoderComprar","fileName":"TutorialNinjaStepDefinitions.java","lineNumber":46},{"declaringClass":"cucumber.runner.Runner","methodName":"runPickle","fileName":"Runner.java","lineNumber":80},{"declaringClass":"org.eclipse.jdt.internal.junit4.runner.JUnit4TestReference","methodName":"run","fileName":"JUnit4TestReference.java","lineNumber":89},{"declaringClass":"org.eclipse.jdt.internal.junit.runner.TestExecution","methodName":"run","fileName":"TestExecution.java","lineNumber":41},{"declaringClass":"org.eclipse.jdt.internal.junit.runner.RemoteTestRunner","methodName":"runTests","fileName":"RemoteTestRunner.java","lineNumber":541},{"declaringClass":"org.eclipse.jdt.internal.junit.runner.RemoteTestRunner","methodName":"runTests","fileName":"RemoteTestRunner.java","lineNumber":763},{"declaringClass":"org.eclipse.jdt.internal.junit.runner.RemoteTestRunner","methodName":"run","fileName":"RemoteTestRunner.java","lineNumber":463},{"declaringClass":"org.eclipse.jdt.internal.junit.runner.RemoteTestRunner","methodName":"main","fileName":"RemoteTestRunner.java","lineNumber":209}]}}},"testFailureClassname":"net.thucydides.core.webdriver.exceptions.ElementShouldBeEnabledException","testFailureMessage":"The following error occurred: Expected enabled element was not enabled","testFailureSummary":"FAILURE;net.thucydides.core.webdriver.exceptions.ElementShouldBeEnabledException;The following error occurred: Expected enabled element was not enabled;Registrar.java","projectKey":"","annotatedResult":"FAILURE","sessionId":"d4ccea8baef9585236f1e48b60ce3da0","driver":"chrome","dataTable":{"headers":["FirstName","LastName","EMail","Telephone","Pass","Pass_C"],"rows":[{"values":["juanes","Acevedo","juanno2390@gmail.com","2926898","1234","1234"],"result":"FAILURE"}],"predefinedRows":true,"scenarioOutline":"Given Que usuarioTechSolve ingrese a la tienda virtual\n\rWhen el se registra por primera vez para poder comprar\n\rThen el deberia ver la palabra Success en pantalla inicial\n\r","dataSetDescriptors":[{"startRow":0,"rowCount":0,"name":""}]},"manual":false,"testSource":"Cucumber","result":"FAILURE"}